{
  "evidence_root": ".sisyphus/evidence",
  "invalid": [],
  "missing": [],
  "present": [
    {
      "artifact": "task-1-baseline.json",
      "bytes": 135,
      "sha256": "06142a1f9d0664f340419acb2953d2188585be19d8008231d8e8b1d800b20e4e"
    },
    {
      "artifact": "task-10-promotion-gates.json",
      "bytes": 395,
      "sha256": "00d41bdea677769dafaeabc7715a7d7e9456d7f2edd56e399f66316b9aabe5ff"
    },
    {
      "artifact": "task-11-rollout-cutover.json",
      "bytes": 173,
      "sha256": "4f3fe00a503f11bbeb313b6081bc1018c9dbc58dd119169375a02545d3bd17ad"
    },
    {
      "artifact": "task-11-rollout-rollback.json",
      "bytes": 181,
      "sha256": "920ab5d3c275c7f805aec8a799ea18b4e5058673f8eb5d10125bbb257769235d"
    }
  ],
  "required_artifacts": [
    "task-1-baseline.json",
    "task-10-promotion-gates.json",
    "task-11-rollout-cutover.json",
    "task-11-rollout-rollback.json"
  ],
  "status": "ok"
}
