<frozen runpy>:128: RuntimeWarning: 'poe_trade.db.migrations' found in sys.modules after import of package 'poe_trade.db', but prior to execution of 'poe_trade.db.migrations'; this may result in unpredictable behaviour
2026-03-19 13:26:40 INFO __main__ 0001 applied
2026-03-19 13:26:40 INFO __main__ 0002 applied
2026-03-19 13:26:40 INFO __main__ 0003 applied
2026-03-19 13:26:40 INFO __main__ 0004 applied
2026-03-19 13:26:40 INFO __main__ 0005 applied
2026-03-19 13:26:40 INFO __main__ 0006 applied
2026-03-19 13:26:40 INFO __main__ 0007 applied
2026-03-19 13:26:40 INFO __main__ 0008 applied
2026-03-19 13:26:40 INFO __main__ 0009 applied
2026-03-19 13:26:40 INFO __main__ 0010 applied
2026-03-19 13:26:40 INFO __main__ 0011 applied
2026-03-19 13:26:40 INFO __main__ 0012 applied
2026-03-19 13:26:40 INFO __main__ 0013 applied
2026-03-19 13:26:40 INFO __main__ 0014 applied
2026-03-19 13:26:40 INFO __main__ 0015 applied
2026-03-19 13:26:40 INFO __main__ 0016 applied
2026-03-19 13:26:40 INFO __main__ 0017 applied
2026-03-19 13:26:40 INFO __main__ 0018 applied
2026-03-19 13:26:40 INFO __main__ 0019 applied
2026-03-19 13:26:40 INFO __main__ 0020 applied
2026-03-19 13:26:40 INFO __main__ 0021 applied
2026-03-19 13:26:40 INFO __main__ 0022 applied
2026-03-19 13:26:40 INFO __main__ 0023 applied
2026-03-19 13:26:40 INFO __main__ 0024 applied
2026-03-19 13:26:40 INFO __main__ 0025 applied
2026-03-19 13:26:40 INFO __main__ 0026 applied
2026-03-19 13:26:40 INFO __main__ 0027 applied
2026-03-19 13:26:40 INFO __main__ 0028 applied
2026-03-19 13:26:40 INFO __main__ 0029 applied
2026-03-19 13:26:40 INFO __main__ 0030 applied
2026-03-19 13:26:40 INFO __main__ 0031 applied
2026-03-19 13:26:40 INFO __main__ 0032 applied
2026-03-19 13:26:40 INFO __main__ 0033 applied
2026-03-19 13:26:40 INFO __main__ 0034 applied
2026-03-19 13:26:40 INFO __main__ 0035 applied
2026-03-19 13:26:40 INFO __main__ 0036 applied
2026-03-19 13:26:40 INFO __main__ 0037 applied
2026-03-19 13:26:40 INFO __main__ 0040 applied
2026-03-19 13:26:40 INFO __main__ 0041 applied (checksum mismatch)
2026-03-19 13:26:40 INFO __main__ 0042 pending
2026-03-19 13:26:40 INFO __main__ pending migrations: ['0042']
