{
  "evidence_root": ".sisyphus/evidence/task-12-fixture-pass",
  "invalid": [
    "task-10-promotion-gates.json:mdape_relative_improvement_not_numeric",
    "task-10-promotion-gates.json:p95_latency_improvement_not_numeric",
    "task-10-promotion-gates.json:protected_cohort_degradation_count_not_int"
  ],
  "missing": [
    "task-12-intentionally-missing.json"
  ],
  "present": [
    {
      "artifact": "task-1-baseline.json",
      "bytes": 96,
      "sha256": "fde66a6c4b48df200592c265ba53528773cef9141d265df1187570fcd033a3f0"
    },
    {
      "artifact": "task-11-rollout-cutover.json",
      "bytes": 116,
      "sha256": "c45c61b8ac38060c4d0004373d12c5d9837464a219a33f151fa2f6f06e24eed6"
    },
    {
      "artifact": "task-11-rollout-rollback.json",
      "bytes": 124,
      "sha256": "b6daf8777b4771e6f98d67dab3accc23a05cd0a276af0258e23c63386b186ef6"
    }
  ],
  "required_artifacts": [
    "task-1-baseline.json",
    "task-10-promotion-gates.json",
    "task-11-rollout-cutover.json",
    "task-11-rollout-rollback.json",
    "task-12-intentionally-missing.json"
  ],
  "status": "missing_or_invalid_artifacts"
}
