ClickHouse HTTPError 500: Code: 241. DB::Exception: Query memory limit exceeded: would use 1.64 MiB (attempt to allocate chunk of 0.00 B), maximum: 1.00 B: While executing AggregatingTransform. (MEMORY_LIMIT_EXCEEDED) (version 26.2.4.23 (official build))

Traceback (most recent call last):
  File "/home/hal9000/docker/poe_trade/poe_trade/db/clickhouse.py", line 79, in execute
    with urllib.request.urlopen(request, timeout=self.timeout) as response:
         ^^^^^^^^^^^^^^^^^^^^^^^^^^^^^^^^^^^^^^^^^^^^^^^^^^^^^
  File "/home/hal9000/.local/share/uv/python/cpython-3.11.15-linux-x86_64-gnu/lib/python3.11/urllib/request.py", line 216, in urlopen
    return opener.open(url, data, timeout)
           ^^^^^^^^^^^^^^^^^^^^^^^^^^^^^^^
  File "/home/hal9000/.local/share/uv/python/cpython-3.11.15-linux-x86_64-gnu/lib/python3.11/urllib/request.py", line 525, in open
    response = meth(req, response)
               ^^^^^^^^^^^^^^^^^^^
  File "/home/hal9000/.local/share/uv/python/cpython-3.11.15-linux-x86_64-gnu/lib/python3.11/urllib/request.py", line 634, in http_response
    response = self.parent.error(
               ^^^^^^^^^^^^^^^^^^
  File "/home/hal9000/.local/share/uv/python/cpython-3.11.15-linux-x86_64-gnu/lib/python3.11/urllib/request.py", line 563, in error
    return self._call_chain(*args)
           ^^^^^^^^^^^^^^^^^^^^^^^
  File "/home/hal9000/.local/share/uv/python/cpython-3.11.15-linux-x86_64-gnu/lib/python3.11/urllib/request.py", line 496, in _call_chain
    result = func(*args)
             ^^^^^^^^^^^
  File "/home/hal9000/.local/share/uv/python/cpython-3.11.15-linux-x86_64-gnu/lib/python3.11/urllib/request.py", line 643, in http_error_default
    raise HTTPError(req.full_url, code, msg, hdrs, fp)
urllib.error.HTTPError: HTTP Error 500: Internal Server Error

The above exception was the direct cause of the following exception:

Traceback (most recent call last):
  File "<string>", line 1, in <module>
  File "/home/hal9000/docker/poe_trade/poe_trade/db/clickhouse.py", line 93, in execute
    raise ClickHouseClientError(
poe_trade.db.clickhouse.ClickHouseClientError: Code: 241. DB::Exception: Query memory limit exceeded: would use 1.64 MiB (attempt to allocate chunk of 0.00 B), maximum: 1.00 B: While executing AggregatingTransform. (MEMORY_LIMIT_EXCEEDED) (version 26.2.4.23 (official build))

